2012-08-16 19:47:24 -0700: Found 1861 uids to monitor
2012-08-16 19:47:24 -0700: listening...
2012-08-16 19:47:24 -0700: {:id=>236293119694479361, :uid=>261330575, :text=>"@ryanlochte i love you."}
2012-08-16 19:47:24 -0700: {:id=>236293120378171392, :uid=>370408219, :text=>"@justinbieber vida te amo demais.Você é mais que meu ídolo pra mim..Você é meu anjo...Durma bem.."}
2012-08-16 19:47:24 -0700: {:id=>236293120445251585, :uid=>77627952, :text=>"@ryanlochte yer hawtttt"}
2012-08-16 19:47:25 -0700: {:id=>236293121829400577, :uid=>716582354, :text=>"@justinbieber I love so much :p"}
2012-08-16 19:47:25 -0700: {:id=>236293122588549120, :uid=>411916881, :text=>"@ryanlochte WHY ARE YOU SO HANDSOME?!"}
2012-08-16 19:47:25 -0700: {:id=>236293123410653184, :uid=>330217274, :text=>"@ryanlochte t'as fais combien d'émission aujourd'hui toi ?"}
2012-08-16 19:47:25 -0700: {:id=>236293123863617536, :uid=>466005805, :text=>"@YouTube 動画を高く評価しました http://t.co/CUYS6AnJ フジテレビ抗議デモin大阪(9月18日)"}
2012-08-16 19:47:26 -0700: {:id=>236293126447325184, :uid=>73208189, :text=>"@ryanlochte looking as fine as ever! \u{1F60A}"}
2012-08-16 19:47:26 -0700: {:id=>236293126577344512, :uid=>412747657, :text=>"@KendallJenner I be u monkey lol :)"}
2012-08-16 19:47:26 -0700: {:id=>236293126678007808, :uid=>761791398, :text=>"@rihanna @DritaDavanzo my mom loves that show"}
2012-08-16 19:47:26 -0700: {:id=>236293126954827780, :uid=>339649330, :text=>"@YouTube 動画を高く評価しました発信者 @brizzyvoices http://t.co/CtEGmTwM Voice ALL the Original Pokemon!!"}
2012-08-16 19:47:26 -0700: {:id=>236293129039384577, :uid=>759945708, :text=>"@justinbieber will you follow me and I want to meet you!"}
2012-08-16 19:47:26 -0700: {:id=>236293129433669633, :uid=>86137431, :text=>"@rihanna ansa ma back na .. My grandmother is half bajan :)"}
2012-08-16 19:47:27 -0700: {:id=>236293130457075712, :uid=>142485495, :text=>"@justinbieber Casate conmigo?"}
2012-08-16 19:47:27 -0700: {:id=>236293131866353664, :uid=>248882684, :text=>"@snooki definitely!!"}
2012-08-16 19:47:27 -0700: {:id=>236293132369678336, :uid=>439049326, :text=>"@KylieJenner   Hi   Kylie   :-)   ♡"}
2012-08-16 19:47:27 -0700: {:id=>236293132906545152, :uid=>567619997, :text=>"@ryanlochte Follow me? I LOVE YOU!!"}
2012-08-16 19:47:27 -0700: {:id=>236293133447606272, :uid=>76212006, :text=>"@ryanlochte um let's go to lunch soon babe i'm free whenever \u{1F618}"}
2012-08-16 19:47:28 -0700: {:id=>236293135435694080, :uid=>419254491, :text=>"@ryanlochte is beautiful. I love you, so, so much. Please rt this ❤ \u{1F60D}"}
2012-08-16 19:47:28 -0700: {:id=>236293136392019968, :uid=>345614325, :text=>"@ryanlochte if you ever become a fashion designer, I will booted than gladly be your model."}
2012-08-16 19:47:29 -0700: {:id=>236293139198009344, :uid=>251910396, :text=>"@justinbieber Can you please follow me back ? It would make me smile like an idiot ."}
2012-08-16 19:47:29 -0700: {:id=>236293139424493569, :uid=>286354341, :text=>"@justinbieber follow me please, love u ♥"}
2012-08-16 19:47:29 -0700: {:id=>236293139957174272, :uid=>722850120, :text=>"@jasonsegel hey my cousin admires you is a true big fan , you follow my cousin? is @melfiJosue please"}
2012-08-16 19:47:29 -0700: {:id=>236293137616744449, :uid=>136380109, :text=>"@tyrabanks http://t.co/rKoY6sEE"}
2012-08-16 19:47:30 -0700: {:id=>236293142901579776, :uid=>724300776, :text=>"@justinbieber is this your new motto!\n\"Justin is my name\nFlirting is my game\nHaters call me fag\nCuz they jealous of my SWAG!\"\nI LOVE THAT!!\u{1F49C}"}
2012-08-16 19:47:30 -0700: {:id=>236293143199375360, :uid=>567874460, :text=>"@justinbieber ¿Can u notice me one day? Follow me please,I  love you Kidrauhl ♥"}
2012-08-16 19:47:30 -0700: {:id=>236293143874654210, :uid=>191050152, :text=>"@YouTube 動画を高く評価しました発信者 @barbaradickson http://t.co/X6ZX6Tha Barbara Dickson - It Goes Like It Goes"}
2012-08-16 19:47:30 -0700: {:id=>236293144981950464, :uid=>104773964, :text=>"@instagram im browsing photo map and im only seeing the photo i uploaded.. am i only able to see photos of users i follow? #instagram101"}
2012-08-16 19:47:30 -0700: {:id=>236293145116151808, :uid=>16018466, :text=>"@ryanlochte @iamkristenbell @Jayleno OMGGGGGGGGGGGGGGGGGGGGG"}
2012-08-16 19:47:30 -0700: {:id=>236293145107779585, :uid=>130536442, :text=>"@ryanlochte @iamkristenbell @Jayleno cuteeeeeeeeeeeeee"}
2012-08-16 19:47:30 -0700: {:id=>236293145439137793, :uid=>475489884, :text=>"@ryanlochte why don't you start off a morning with me? :( #heartbroken we'd have fun.."}
2012-08-16 19:47:30 -0700: {:id=>236293145837596672, :uid=>608641167, :text=>"@charliesheen  you are a fucking GOD!!"}
2012-08-16 19:47:30 -0700: {:id=>236293145892114432, :uid=>290223101, :text=>"@ryanlochte I wanna meet you ❤"}
2012-08-16 19:47:31 -0700: {:id=>236293146567389185, :uid=>447327128, :text=>"@ryanlochte @iamkristenbell @jayleno this is adorable omfg"}
2012-08-16 19:47:54 -0700: Found 1861 uids to monitor
2012-08-16 19:47:54 -0700: listening...
2012-08-16 19:47:55 -0700: {:uid=>18069616, :text=>"@ryanlochte @iamkristenbell @Jayleno Dangit! I missed her events in the olympics! Those are so lovely medals! ;)"}
2012-08-16 19:47:55 -0700: {:uid=>722850120, :text=>"@KDTrey5 hey my cousin admires you is a true big fan , you follow my cousin? is @melfiJosue please"}
2012-08-16 19:47:55 -0700: {:uid=>290458583, :text=>"@justinbieber please say #HappyBirthdayIndonesia justin ;) #67YO 6"}
2012-08-16 19:47:55 -0700: {:uid=>537490333, :text=>"@ryanlochte oh my god your beautiful"}
2012-08-16 19:47:56 -0700: {:uid=>128341863, :text=>"@ryanlochte please.just.follow.  I beg of thee."}
2012-08-16 19:47:58 -0700: {:uid=>290458583, :text=>"@justinbieber please say #HappyBirthdayIndonesia justin ;) #67YO 7"}
2012-08-16 19:47:58 -0700: {:uid=>22789767, :text=>"@ryanlochte #JEAHJEAHJEAH!!!!"}
2012-08-16 19:47:58 -0700: {:uid=>760474350, :text=>"@OfficialAdele can you follow me please &lt;3"}
2012-08-16 19:47:59 -0700: {:uid=>762650022, :text=>"@justinbieber i wish you would follow tweet or rt i love u!"}
2012-08-16 19:47:59 -0700: {:uid=>133913953, :text=>"@ryanlochte thats good considering you have a wonderful sense of style.. &amp; you're adorable.. #forreal"}
2012-08-16 19:47:59 -0700: {:uid=>107232089, :text=>"@ryanlochte when you officially moving here?"}
2012-08-16 19:47:59 -0700: {:uid=>361229016, :text=>"@justinbieber My Kidrauhl, I love you so much!"}
2012-08-16 19:48:00 -0700: {:uid=>152445403, :text=>"@justinbieber When you come back to Argentina?"}
2012-08-16 19:48:00 -0700: {:uid=>519958619, :text=>"@BrunoMars Next to you..."}
2012-08-16 19:48:00 -0700: {:uid=>410277701, :text=>"@KimKardashian go figure"}
2012-08-16 19:48:00 -0700: {:uid=>556252710, :text=>"@justinbieber woohooo...against Usher and Drake...you have guts! #TEAMBIEBER !!!"}
2012-08-16 19:48:00 -0700: {:uid=>438941670, :text=>"@nickjonas esta bien nalgon, pues es beisbolista"}
2012-08-16 19:48:01 -0700: {:uid=>31045745, :text=>"@JustinBieber I love you."}
2012-08-16 19:48:01 -0700: {:uid=>115495991, :text=>"@leolaporte Indeed.  I would do the same."}
2012-08-16 19:48:01 -0700: {:uid=>290458583, :text=>"@justinbieber please say #HappyBirthdayIndonesia justin ;) #67YO 8"}
2012-08-16 19:48:01 -0700: {:uid=>739711818, :text=>"@justinbieber hi"}
2012-08-16 19:48:01 -0700: {:uid=>528586246, :text=>"@ryanlochte Will you please follow me a fellow swimmer who aspires to do what you and Michel phelps and missy franklin have done!!"}
2012-08-16 19:48:01 -0700: {:uid=>746040247, :text=>"@justinbieber I wish this was me http://t.co/oIkFayYx"}
2012-08-16 19:48:02 -0700: {:uid=>567515090, :text=>"@justinbieber i love so much baby ,you are beautiful"}
2012-08-16 19:48:02 -0700: {:uid=>78024852, :text=>"@shitgirlssay So you can't get on the plane bitch!"}
2012-08-16 19:48:03 -0700: {:uid=>310293988, :text=>"@justinbieber can you follow me? Its so easy You only have to click in follow and that its , Its hard to do? Maybe .. But follow me TE AMO♥2"}
2012-08-16 19:48:03 -0700: {:uid=>133903912, :text=>"@ryanlochte #jeah?"}
2012-08-16 19:48:03 -0700: {:uid=>290458583, :text=>"@justinbieber please say #HappyBirthdayIndonesia justin ;) #67YO 9"}
2012-08-16 19:48:04 -0700: {:uid=>595974916, :text=>"@justinbieber yo follow me"}
2012-08-16 19:48:04 -0700: {:uid=>51459519, :text=>"@rihanna I do...for better for worst. In sickness and in health.. Love you"}
2012-08-16 19:48:04 -0700: {:uid=>77859229, :text=>"@ryanlochte you are very beautiful sir"}
2012-08-16 19:48:04 -0700: {:uid=>86091572, :text=>"@justinbieber te amo nenem"}
2012-08-16 19:48:05 -0700: {:uid=>519779171, :text=>"@danieltosh you are a god damn liar"}
2012-08-16 19:48:05 -0700: {:uid=>496275631, :text=>"@TMZ cm punk!!!!!"}
2012-08-16 19:48:05 -0700: {:uid=>66460272, :text=>"@justinbieber glad to know you dont forget us, back home! :)"}
2012-08-16 19:48:05 -0700: {:uid=>136380109, :text=>"@tyrabanks http://t.co/uGQikyiI"}
2012-08-16 19:48:06 -0700: {:uid=>349428535, :text=>"@ryanlochte do u get tired carrying around all our medals? They're heavy aren't they?"}
2012-08-16 19:48:06 -0700: {:uid=>18181201, :text=>"@newsycombinator @scunliffe Poor @jcarty. What will he do now without his tons of money from @Blaq?"}
2012-08-16 19:48:06 -0700: {:uid=>748480488, :text=>"@justinbieber te amo muito &lt;3"}
2012-08-16 19:48:06 -0700: {:uid=>708446256, :text=>"@ryanlochte PLEASE FOLLOW ME RYNA &lt;33 I love u."}
2012-08-16 19:48:06 -0700: {:uid=>596848633, :text=>"@ryanlochte Mind following me? :)"}
2012-08-16 19:48:07 -0700: {:uid=>498260645, :text=>"@mariamenounos I start my senior year of high school in 2 weeks! I need some advice from you :) ♥ #nervous"}
2012-08-16 19:48:07 -0700: {:uid=>313215566, :text=>"@katyperry hello :)"}
2012-08-16 19:48:07 -0700: {:uid=>760177992, :text=>"@charliesheen dude I would love to have a chance to party with you lol"}
2012-08-16 19:48:07 -0700: {:uid=>37299752, :text=>"@nytimes Spare the rod and spoil the school? OK, then I need spanking lessons @thelensnola http://t.co/WPZwxNno"}
2012-08-16 19:48:08 -0700: {:uid=>290458583, :text=>"@justinbieber please say #HappyBirthdayIndonesia justin ;) #67YO 10"}
2012-08-16 19:48:08 -0700: {:uid=>283547562, :text=>"@justinbieber get in me pants."}
2012-08-16 19:48:08 -0700: {:uid=>251988099, :text=>"@Twitter Wants to Stop You from Using @Twitter Apps Not Made By @Twitter - @Gizmodo : http://t.co/6cGxy5bB"}
2012-08-16 19:48:08 -0700: {:uid=>632108332, :text=>"@ryanlochte ehens our lunch date ryan?"}
2012-08-16 19:48:09 -0700: {:uid=>514564571, :text=>"@justinbieber http://t.co/wEIe0CVD help @Mr_Dubstep419 a.k.a. Xavier Cunningham reach his dream!"}
2012-08-16 19:48:09 -0700: {:uid=>561617068, :text=>"@justinbieber Justin, i have this dream that one day, we'll spend the whole day together and become bestfriends. Can we make that happen? &lt;3"}
2012-08-16 19:48:09 -0700: {:uid=>96041466, :text=>"@ryanlochte And fashionable you are ;)"}
2012-08-16 19:48:09 -0700: {:uid=>9949772, :text=>"@defrag it was probably just gas"}
2012-08-16 19:48:10 -0700: {:uid=>356586146, :text=>"@ryanlochte can we go to Panera for lunch? We can use the water cups for pop."}
2012-08-16 19:48:10 -0700: {:uid=>752273587, :text=>"@ryanlochte Follow me, you were awesome in the Olypics :)"}
2012-08-16 19:48:11 -0700: {:uid=>432927694, :text=>"@justinbieber I love you! rt me please! ❤❤❤"}
2012-08-16 19:48:11 -0700: {:uid=>408260041, :text=>"@HuffingtonPost and she's voting for Romney!! #WorseThanDrunkDriving??"}
2012-08-16 19:48:11 -0700: {:uid=>264370710, :text=>"@ryanlochte you guys look cute together...And those medals kinda match her outfit!!"}
2012-08-16 19:48:12 -0700: {:uid=>71956420, :text=>"@ryanlochte @iamkristenbell beautiful pic… love both of u"}
2012-08-16 19:48:12 -0700: {:uid=>108785177, :text=>"@justinbieber see you January in Oklahoma"}
2012-08-16 19:48:12 -0700: {:uid=>201839568, :text=>"@justinbieber weird looking at your name on my phone when I'm about to twt you because reminds me from when you busked! pleasefollow♥:'(:'("}
2012-08-16 19:48:13 -0700: {:uid=>468014251, :text=>"@YouTube 動画をアップロードしました http://t.co/s2FsuKGJ 【東方妖々夢】平凡なプレイ動画を２倍速【９周年記念】 (2/2)"}
2012-08-16 19:48:13 -0700: {:uid=>323112156, :text=>"@ryanlochte efff dat"}
2012-08-16 19:48:13 -0700: {:uid=>575784160, :text=>"@charliesheen @MichaelBoatman_ Awesome show bro! I am all in!"}
2012-08-16 19:48:13 -0700: {:uid=>303937142, :text=>"@justinbieber Voted for u Twice U deserve it . #MuchLove"}
2012-08-16 19:48:13 -0700: {:uid=>139884216, :text=>"@ryanlochte can we get married? &lt;3"}
2012-08-16 19:48:14 -0700: {:uid=>66207617, :text=>"@bobsaget swag"}
2012-08-16 19:48:14 -0700: {:uid=>259447347, :text=>"@ryanlochte I LIKE HOW THAT'S NOT KRISTEN BELL'S TWITTER WOW RYAN LOCHTE YOU ARE A SPECIAL SNOWFLAKE"}
2012-08-16 19:48:14 -0700: {:uid=>732182340, :text=>"@justinbieber You Is My Cristmass Wish! FOLLOW ME Plz! A PERSIAN Belieber!"}
2012-08-16 19:48:15 -0700: {:uid=>618508390, :text=>"@justinbieber please follow me :D"}
2012-08-16 19:48:15 -0700: {:uid=>539428398, :text=>"i'm cool!"}
2012-08-16 19:48:15 -0700: [155416821]
2012-08-16 19:48:15 -0700: {:uid=>509389177, :text=>"@ryanlochte STOP BEING HOT OMG"}
2012-08-16 19:48:15 -0700: {:uid=>310293988, :text=>"@justinbieber can you follow me? Its so easy You only have to click in follow and that its , Its hard to do? Maybe .. But follow me TE AMO♥3"}
2012-08-16 19:48:16 -0700: {:uid=>247460899, :text=>"@justinbieber  love me love me love me love me, follow me&lt;3."}
2012-08-16 19:48:16 -0700: {:uid=>589195359, :text=>"@BarackObama Yer right about that. You haven't done squat fir the middle-class. Romney/Ryan will look out for us. You blew it, loser."}
2012-08-16 19:48:17 -0700: {:uid=>757964412, :text=>"@ryanlochte what a dashing lad you are!"}
2012-08-16 19:48:17 -0700: {:uid=>87617632, :text=>"@YouTube 動画を高く評価しました http://t.co/FXQP5xHO Shuriken cork"}
2012-08-16 19:48:17 -0700: {:uid=>22975020, :text=>"@GameOfThrones \"A khal who who could not ride could not rule...\""}
2012-08-16 19:48:18 -0700: {:uid=>14620798, :text=>"I would say twitter has gone too far and is doomed to fail except that we’re all bitching about it on twitter."}
2012-08-16 19:48:18 -0700: {:uid=>567717709, :text=>"@nickjonas hey boo :) &lt;3"}
2012-08-16 19:48:18 -0700: {:uid=>49061498, :text=>"@mittromney @paulryan - THIS is the root cause of massive deficits and debt.  Solve it first! ZeroHedge http://t.co/kGhXLyKh #RonPaul2012"}
2012-08-16 19:48:18 -0700: {:uid=>58100380, :text=>"@YouTube 動画をアップロードしました http://t.co/W4roNR5k チャレンジポンド　AIRなら釣れますよ！"}
2012-08-16 19:48:19 -0700: {:uid=>276618654, :text=>"@twitter #free @The_Lort_Got"}
2012-08-16 19:48:19 -0700: {:uid=>20742777, :text=>"@ryanlochte also your suit isn't hideous! #jeahhh"}
2012-08-16 19:48:19 -0700: {:uid=>26417074, :text=>"@nytimes Question is Of what amount ?"}
2012-08-16 19:48:20 -0700: {:uid=>261683724, :text=>"@ryanlochte did you fuck her? She hasn't had dick since 1862"}
2012-08-16 19:48:20 -0700: {:uid=>422383493, :text=>"@ryanlochte ur perfect"}
2012-08-16 19:48:20 -0700: {:uid=>489386792, :text=>"@ryanlochte @iamkristenbell @Jayleno thats cute please follow me ill give you my goggles"}
2012-08-16 19:48:20 -0700: {:uid=>521772814, :text=>"@TheEllenShow Happy Anniversary Ellen &amp; Portia!  This is for you! ❤ http://t.co/kgZdJGOV"}
2012-08-16 19:48:20 -0700: {:uid=>551493763, :text=>"@BrunoMars :3 &lt;3 &lt;3 &lt;3 &lt;3 &lt;3 &lt;3 &lt;3 &lt;3 &lt;3 &lt;3 &lt;3 &lt;3 &lt;3 :3 &lt;3 &lt;3 &lt;3 &lt;3 &lt;3 &lt;3 &lt;3 &lt;3 &lt;3 &lt;3 &lt;3 &lt;3 &lt;3 &lt;3 &lt;3 &lt;3 :3 &lt;3 &lt;3 &lt;3 &lt;3 &lt;3 &lt;3 &lt;3 &lt;3 :3 &lt;3 &lt;3"}
2012-08-16 19:48:20 -0700: {:uid=>762290004, :text=>"@ryanlochte this is so adorable &lt;3"}
2012-08-16 19:48:20 -0700: {:uid=>9377512, :text=>"@gruber And you thought you were being smart by not joining Facebook #Twitter"}
2012-08-16 19:48:21 -0700: {:uid=>352457597, :text=>"@justinbieber \"If you don't dream BIG, there's no use of dreaming..\nAnd if you don't have faith, there's no worth believing.\"\n-Justin"}
2012-08-16 19:48:21 -0700: {:uid=>347018598, :text=>"@nickjonas very sexy my love♥♥"}
2012-08-16 19:48:22 -0700: {:uid=>310293988, :text=>"@justinbieber can you follow me? Its so easy You only have to click in follow and that its , Its hard to do? Maybe .. But follow me TE AMO♥4"}
2012-08-16 19:48:22 -0700: {:uid=>445262415, :text=>"@kyliejenner @ryder_samantha True fans right there"}
2012-08-16 19:48:22 -0700: {:uid=>598671150, :text=>"@ryanlochte said he's looking into the Bachelor....\n#YESSSPLEEASE"}
2012-08-16 19:48:22 -0700: {:uid=>581220923, :text=>"@justinbieber I love u so much http://t.co/yP6K3djI"}
2012-08-16 19:48:23 -0700: {:uid=>399134282, :text=>"@ryanlochte hey babe♡"}
2012-08-16 19:48:23 -0700: {:uid=>540860593, :text=>"@justinbieber Every time I see the video As Long As You Love Me, I start to cry is beautiful :')"}
2012-08-16 19:48:24 -0700: {:uid=>422441193, :text=>"@ryanlochte ur hawt"}
2012-08-16 19:48:25 -0700: {:uid=>38300400, :text=>"@snooki Please help! @vivienneharr  MAKING A STAND. a lemonade stand...and a stand against slavery.She is only 8! #Makeastand"}
2012-08-16 19:48:25 -0700: {:uid=>716241085, :text=>"@ryanlochte you'll probably never see this but I love you ok."}
2012-08-16 19:48:25 -0700: {:uid=>151971604, :text=>"@ryanlochte asdfghjklñ"}
2012-08-16 19:48:25 -0700: {:uid=>553948578, :text=>"@ryanlochte I found a shirt for you :) http://t.co/uXRxpPOi"}
2012-08-16 19:48:26 -0700: {:uid=>408121918, :text=>"@justinbieber http://t.co/geDi1Z1U #BiebsMeetEmilyE"}
2012-08-16 19:48:26 -0700: {:uid=>558282816, :text=>"@KimKardashian I just saw the VMA commercial Haha hilarious:)"}
2012-08-16 19:48:27 -0700: {:uid=>233250018, :text=>"@ryanlochte can you to send me a getting? I am your spanish fan, i love to swim. I watched you always in the JJOO"}
